[35m[1mScanning dependencies of target subscriber[0m
[ 50%] [32mBuilding CXX object CMakeFiles/subscriber.dir/subscriber.cpp.o[0m
[01m[K/home/olivia/Noetic/workspace/src/subscriber/subscriber.cpp:[m[K In function â€˜[01m[Kint main(int, char**)[m[Kâ€™:
[01m[K/home/olivia/Noetic/workspace/src/subscriber/subscriber.cpp:16:61:[m[K [01;31m[Kerror: [m[Kâ€˜[01m[KpostMessageReceived[m[Kâ€™ was not declared in this scope; did you mean â€˜[01m[KposeMessageReceived[m[Kâ€™?
   16 |     ros::Subscriber sub=nh.subscribe("turtle1/post", 1000, &[01;31m[KpostMessageReceived[m[K);
      |                                                             [01;31m[K^~~~~~~~~~~~~~~~~~~[m[K
      |                                                             [32m[KposeMessageReceived[m[K
make[2]: *** [CMakeFiles/subscriber.dir/build.make:63: CMakeFiles/subscriber.dir/subscriber.cpp.o] Error 1
make[1]: *** [CMakeFiles/Makefile2:170: CMakeFiles/subscriber.dir/all] Error 2
make: *** [Makefile:141: all] Error 2
