[35m[1mScanning dependencies of target publisher[0m
[ 50%] [32mBuilding CXX object CMakeFiles/publisher.dir/publisher.cpp.o[0m
[01m[K/home/olivia/Noetic/workspace/src/publisher/publisher.cpp:[m[K In function â€˜[01m[Kint main(int, char**)[m[Kâ€™:
[01m[K/home/olivia/Noetic/workspace/src/publisher/publisher.cpp:28:61:[m[K [01;31m[Kerror: [m[Kexpected â€˜[01m[K;[m[Kâ€™ before â€˜[01m[K<<[m[Kâ€™ token
   28 |         ROS_INFO_STREAM("Sending random velocity command:") [01;31m[K<<[m[K " linear=" << msg.linear.x << " angular=" << msg.angular.z);
      |                                                             [01;31m[K^~[m[K
[01m[K/home/olivia/Noetic/workspace/src/publisher/publisher.cpp:28:61:[m[K [01;31m[Kerror: [m[Kexpected primary-expression before â€˜[01m[K<<[m[Kâ€™ token
make[2]: *** [CMakeFiles/publisher.dir/build.make:63: CMakeFiles/publisher.dir/publisher.cpp.o] Error 1
make[1]: *** [CMakeFiles/Makefile2:160: CMakeFiles/publisher.dir/all] Error 2
make: *** [Makefile:141: all] Error 2
